<?xml version="1.0" encoding="UTF-8"?>
<!-- Generated by org.testng.reporters.JUnitXMLReporter -->
<testsuite hostname="Dhina" ignored="2" name="Test" tests="4" failures="1" timestamp="29 Apr 2021 06:15:03 GMT" time="0.159" errors="0">
  <testcase name="tc1" time="0.046" classname="org.test.Sample2"/>
  <testcase name="tc3" time="0.0" classname="org.test.Sample2">
    <failure type="java.lang.AssertionError" message="expected [true] but found [false]">
      <![CDATA[java.lang.AssertionError: expected [true] but found [false]
at org.test.Sample2.tc3(Sample2.java:25)
... Removed 29 stack frames]]>
    </failure>
  </testcase> <!-- tc3 -->
  <testcase name="tc2" time="0.0" classname="org.test.Sample2">
    <skipped/>
  </testcase> <!-- tc2 -->
  <testcase name="tc4" time="0.0" classname="org.test.Sample2">
    <skipped/>
  </testcase> <!-- tc4 -->
  <testcase name="tc0" time="0.0" classname="org.test.Sample2">
    <ignored/>
  </testcase> <!-- tc0 -->
  <testcase name="tc5" time="0.0" classname="org.test.Sample2">
    <ignored/>
  </testcase> <!-- tc5 -->
</testsuite> <!-- Test -->
